2025-10-15T18:48:40.702+05:30  INFO 17284 --- [todo-full-stack-mysql-security] [restartedMain] i.h.s.web.TodoManagementApplication      : Starting TodoManagementApplication using Java 25 with PID 17284 (C:\eclipse-workspace\todo-full-stack-mysql-security\target\classes started by Harini V in C:\eclipse-workspace\todo-full-stack-mysql-security)
2025-10-15T18:48:40.705+05:30  INFO 17284 --- [todo-full-stack-mysql-security] [restartedMain] i.h.s.web.TodoManagementApplication      : No active profile set, falling back to 1 default profile: "default"
2025-10-15T18:48:40.779+05:30  INFO 17284 --- [todo-full-stack-mysql-security] [restartedMain] .e.DevToolsPropertyDefaultsPostProcessor : Devtools property defaults active! Set 'spring.devtools.add-properties' to 'false' to disable
2025-10-15T18:48:40.780+05:30  INFO 17284 --- [todo-full-stack-mysql-security] [restartedMain] .e.DevToolsPropertyDefaultsPostProcessor : For additional web related logging consider setting the 'logging.level.web' property to 'DEBUG'
2025-10-15T18:48:41.856+05:30  INFO 17284 --- [todo-full-stack-mysql-security] [restartedMain] .s.d.r.c.RepositoryConfigurationDelegate : Bootstrapping Spring Data JPA repositories in DEFAULT mode.
2025-10-15T18:48:41.932+05:30  INFO 17284 --- [todo-full-stack-mysql-security] [restartedMain] .s.d.r.c.RepositoryConfigurationDelegate : Finished Spring Data repository scanning in 62 ms. Found 1 JPA repository interface.
2025-10-15T18:48:43.056+05:30  INFO 17284 --- [todo-full-stack-mysql-security] [restartedMain] o.s.b.w.embedded.tomcat.TomcatWebServer  : Tomcat initialized with port 2105 (http)
2025-10-15T18:48:43.078+05:30  INFO 17284 --- [todo-full-stack-mysql-security] [restartedMain] o.apache.catalina.core.StandardService   : Starting service [Tomcat]
2025-10-15T18:48:43.079+05:30  INFO 17284 --- [todo-full-stack-mysql-security] [restartedMain] o.apache.catalina.core.StandardEngine    : Starting Servlet engine: [Apache Tomcat/10.1.34]
2025-10-15T18:48:43.384+05:30  INFO 17284 --- [todo-full-stack-mysql-security] [restartedMain] org.apache.jasper.servlet.TldScanner     : At least one JAR was scanned for TLDs yet contained no TLDs. Enable debug logging for this logger for a complete list of JARs that were scanned but no TLDs were found in them. Skipping unneeded JARs during scanning can improve startup time and JSP compilation time.
2025-10-15T18:48:43.397+05:30  INFO 17284 --- [todo-full-stack-mysql-security] [restartedMain] o.a.c.c.C.[Tomcat].[localhost].[/]       : Initializing Spring embedded WebApplicationContext
2025-10-15T18:48:43.398+05:30  INFO 17284 --- [todo-full-stack-mysql-security] [restartedMain] w.s.c.ServletWebServerApplicationContext : Root WebApplicationContext: initialization completed in 2618 ms
2025-10-15T18:48:43.594+05:30  INFO 17284 --- [todo-full-stack-mysql-security] [restartedMain] o.hibernate.jpa.internal.util.LogHelper  : HHH000204: Processing PersistenceUnitInfo [name: default]
2025-10-15T18:48:43.707+05:30  INFO 17284 --- [todo-full-stack-mysql-security] [restartedMain] org.hibernate.Version                    : HHH000412: Hibernate ORM core version 6.5.3.Final
2025-10-15T18:48:43.768+05:30  INFO 17284 --- [todo-full-stack-mysql-security] [restartedMain] o.h.c.internal.RegionFactoryInitiator    : HHH000026: Second-level cache disabled
2025-10-15T18:48:44.177+05:30  INFO 17284 --- [todo-full-stack-mysql-security] [restartedMain] o.s.o.j.p.SpringPersistenceUnitInfo      : No LoadTimeWeaver setup: ignoring JPA class transformer
2025-10-15T18:48:44.227+05:30  INFO 17284 --- [todo-full-stack-mysql-security] [restartedMain] com.zaxxer.hikari.HikariDataSource       : HikariPool-1 - Starting...
2025-10-15T18:48:44.771+05:30  INFO 17284 --- [todo-full-stack-mysql-security] [restartedMain] com.zaxxer.hikari.pool.HikariPool        : HikariPool-1 - Added connection com.mysql.cj.jdbc.ConnectionImpl@26067f50
2025-10-15T18:48:44.775+05:30  INFO 17284 --- [todo-full-stack-mysql-security] [restartedMain] com.zaxxer.hikari.HikariDataSource       : HikariPool-1 - Start completed.
2025-10-15T18:48:44.872+05:30  WARN 17284 --- [todo-full-stack-mysql-security] [restartedMain] org.hibernate.orm.deprecation            : HHH90000025: MySQLDialect does not need to be specified explicitly using 'hibernate.dialect' (remove the property setting and it will be selected by default)
2025-10-15T18:48:45.831+05:30  INFO 17284 --- [todo-full-stack-mysql-security] [restartedMain] o.h.e.t.j.p.i.JtaPlatformInitiator       : HHH000489: No JTA platform available (set 'hibernate.transaction.jta.platform' to enable JTA platform integration)
2025-10-15T18:48:45.914+05:30  INFO 17284 --- [todo-full-stack-mysql-security] [restartedMain] j.LocalContainerEntityManagerFactoryBean : Initialized JPA EntityManagerFactory for persistence unit 'default'
2025-10-15T18:48:46.512+05:30  WARN 17284 --- [todo-full-stack-mysql-security] [restartedMain] JpaBaseConfiguration$JpaWebConfiguration : spring.jpa.open-in-view is enabled by default. Therefore, database queries may be performed during view rendering. Explicitly configure spring.jpa.open-in-view to disable this warning
2025-10-15T18:48:46.559+05:30  INFO 17284 --- [todo-full-stack-mysql-security] [restartedMain] r$InitializeUserDetailsManagerConfigurer : Global AuthenticationManager configured with UserDetailsService bean with name createUserDetailsManager
2025-10-15T18:48:47.182+05:30  INFO 17284 --- [todo-full-stack-mysql-security] [restartedMain] o.s.b.d.a.OptionalLiveReloadServer       : LiveReload server is running on port 35729
2025-10-15T18:48:47.239+05:30  INFO 17284 --- [todo-full-stack-mysql-security] [restartedMain] o.s.b.w.embedded.tomcat.TomcatWebServer  : Tomcat started on port 2105 (http) with context path '/'
2025-10-15T18:48:47.251+05:30  INFO 17284 --- [todo-full-stack-mysql-security] [restartedMain] i.h.s.web.TodoManagementApplication      : Started TodoManagementApplication in 7.141 seconds (process running for 7.864)
2025-10-15T18:48:58.567+05:30  INFO 17284 --- [todo-full-stack-mysql-security] [http-nio-2105-exec-2] o.a.c.c.C.[Tomcat].[localhost].[/]       : Initializing Spring DispatcherServlet 'dispatcherServlet'
2025-10-15T18:48:58.568+05:30  INFO 17284 --- [todo-full-stack-mysql-security] [http-nio-2105-exec-2] o.s.web.servlet.DispatcherServlet        : Initializing Servlet 'dispatcherServlet'
2025-10-15T18:48:58.569+05:30  INFO 17284 --- [todo-full-stack-mysql-security] [http-nio-2105-exec-2] o.s.web.servlet.DispatcherServlet        : Completed initialization in 1 ms
2025-10-15T18:49:39.215+05:30  INFO 17284 --- [todo-full-stack-mysql-security] [File Watcher] rtingClassPathChangeChangedEventListener : Restarting due to 1 class path change (0 additions, 0 deletions, 1 modification)
2025-10-15T18:49:39.228+05:30  INFO 17284 --- [todo-full-stack-mysql-security] [Thread-5] j.LocalContainerEntityManagerFactoryBean : Closing JPA EntityManagerFactory for persistence unit 'default'
2025-10-15T18:49:39.232+05:30  INFO 17284 --- [todo-full-stack-mysql-security] [Thread-5] com.zaxxer.hikari.HikariDataSource       : HikariPool-1 - Shutdown initiated...
2025-10-15T18:49:39.256+05:30  INFO 17284 --- [todo-full-stack-mysql-security] [Thread-5] com.zaxxer.hikari.HikariDataSource       : HikariPool-1 - Shutdown completed.
2025-10-15T18:49:39.395+05:30  INFO 17284 --- [todo-full-stack-mysql-security] [restartedMain] i.h.s.web.TodoManagementApplication      : Starting TodoManagementApplication using Java 25 with PID 17284 (C:\eclipse-workspace\todo-full-stack-mysql-security\target\classes started by Harini V in C:\eclipse-workspace\todo-full-stack-mysql-security)
2025-10-15T18:49:39.396+05:30  INFO 17284 --- [todo-full-stack-mysql-security] [restartedMain] i.h.s.web.TodoManagementApplication      : No active profile set, falling back to 1 default profile: "default"
2025-10-15T18:49:39.599+05:30  INFO 17284 --- [todo-full-stack-mysql-security] [restartedMain] .s.d.r.c.RepositoryConfigurationDelegate : Bootstrapping Spring Data JPA repositories in DEFAULT mode.
2025-10-15T18:49:39.610+05:30  INFO 17284 --- [todo-full-stack-mysql-security] [restartedMain] .s.d.r.c.RepositoryConfigurationDelegate : Finished Spring Data repository scanning in 10 ms. Found 1 JPA repository interface.
2025-10-15T18:49:39.750+05:30  INFO 17284 --- [todo-full-stack-mysql-security] [restartedMain] o.s.b.w.embedded.tomcat.TomcatWebServer  : Tomcat initialized with port 2105 (http)
2025-10-15T18:49:39.751+05:30  INFO 17284 --- [todo-full-stack-mysql-security] [restartedMain] o.apache.catalina.core.StandardService   : Starting service [Tomcat]
2025-10-15T18:49:39.751+05:30  INFO 17284 --- [todo-full-stack-mysql-security] [restartedMain] o.apache.catalina.core.StandardEngine    : Starting Servlet engine: [Apache Tomcat/10.1.34]
2025-10-15T18:49:39.867+05:30  INFO 17284 --- [todo-full-stack-mysql-security] [restartedMain] org.apache.jasper.servlet.TldScanner     : At least one JAR was scanned for TLDs yet contained no TLDs. Enable debug logging for this logger for a complete list of JARs that were scanned but no TLDs were found in them. Skipping unneeded JARs during scanning can improve startup time and JSP compilation time.
2025-10-15T18:49:39.873+05:30  INFO 17284 --- [todo-full-stack-mysql-security] [restartedMain] o.a.c.c.C.[Tomcat].[localhost].[/]       : Initializing Spring embedded WebApplicationContext
2025-10-15T18:49:39.873+05:30  INFO 17284 --- [todo-full-stack-mysql-security] [restartedMain] w.s.c.ServletWebServerApplicationContext : Root WebApplicationContext: initialization completed in 474 ms
2025-10-15T18:49:39.915+05:30  INFO 17284 --- [todo-full-stack-mysql-security] [restartedMain] o.hibernate.jpa.internal.util.LogHelper  : HHH000204: Processing PersistenceUnitInfo [name: default]
2025-10-15T18:49:39.918+05:30  INFO 17284 --- [todo-full-stack-mysql-security] [restartedMain] o.h.c.internal.RegionFactoryInitiator    : HHH000026: Second-level cache disabled
2025-10-15T18:49:39.931+05:30  INFO 17284 --- [todo-full-stack-mysql-security] [restartedMain] o.s.o.j.p.SpringPersistenceUnitInfo      : No LoadTimeWeaver setup: ignoring JPA class transformer
2025-10-15T18:49:39.932+05:30  INFO 17284 --- [todo-full-stack-mysql-security] [restartedMain] com.zaxxer.hikari.HikariDataSource       : HikariPool-2 - Starting...
2025-10-15T18:49:39.953+05:30  INFO 17284 --- [todo-full-stack-mysql-security] [restartedMain] com.zaxxer.hikari.pool.HikariPool        : HikariPool-2 - Added connection com.mysql.cj.jdbc.ConnectionImpl@3f1f6ee6
2025-10-15T18:49:39.954+05:30  INFO 17284 --- [todo-full-stack-mysql-security] [restartedMain] com.zaxxer.hikari.HikariDataSource       : HikariPool-2 - Start completed.
2025-10-15T18:49:39.956+05:30  WARN 17284 --- [todo-full-stack-mysql-security] [restartedMain] org.hibernate.orm.deprecation            : HHH90000025: MySQLDialect does not need to be specified explicitly using 'hibernate.dialect' (remove the property setting and it will be selected by default)
2025-10-15T18:49:40.004+05:30  INFO 17284 --- [todo-full-stack-mysql-security] [restartedMain] o.h.e.t.j.p.i.JtaPlatformInitiator       : HHH000489: No JTA platform available (set 'hibernate.transaction.jta.platform' to enable JTA platform integration)
2025-10-15T18:49:40.019+05:30  INFO 17284 --- [todo-full-stack-mysql-security] [restartedMain] j.LocalContainerEntityManagerFactoryBean : Initialized JPA EntityManagerFactory for persistence unit 'default'
2025-10-15T18:49:40.255+05:30  WARN 17284 --- [todo-full-stack-mysql-security] [restartedMain] JpaBaseConfiguration$JpaWebConfiguration : spring.jpa.open-in-view is enabled by default. Therefore, database queries may be performed during view rendering. Explicitly configure spring.jpa.open-in-view to disable this warning
2025-10-15T18:49:40.265+05:30  INFO 17284 --- [todo-full-stack-mysql-security] [restartedMain] r$InitializeUserDetailsManagerConfigurer : Global AuthenticationManager configured with UserDetailsService bean with name createUserDetailsManager
2025-10-15T18:49:40.442+05:30  INFO 17284 --- [todo-full-stack-mysql-security] [restartedMain] o.s.b.d.a.OptionalLiveReloadServer       : LiveReload server is running on port 35729
2025-10-15T18:49:40.458+05:30  INFO 17284 --- [todo-full-stack-mysql-security] [restartedMain] o.s.b.w.embedded.tomcat.TomcatWebServer  : Tomcat started on port 2105 (http) with context path '/'
2025-10-15T18:49:40.462+05:30  INFO 17284 --- [todo-full-stack-mysql-security] [restartedMain] i.h.s.web.TodoManagementApplication      : Started TodoManagementApplication in 1.13 seconds (process running for 61.075)
2025-10-15T18:49:40.466+05:30  INFO 17284 --- [todo-full-stack-mysql-security] [restartedMain] .ConditionEvaluationDeltaLoggingListener : Condition evaluation unchanged
2025-10-15T18:49:42.442+05:30  INFO 17284 --- [todo-full-stack-mysql-security] [http-nio-2105-exec-1] o.a.c.c.C.[Tomcat].[localhost].[/]       : Initializing Spring DispatcherServlet 'dispatcherServlet'
2025-10-15T18:49:42.442+05:30  INFO 17284 --- [todo-full-stack-mysql-security] [http-nio-2105-exec-1] o.s.web.servlet.DispatcherServlet        : Initializing Servlet 'dispatcherServlet'
2025-10-15T18:49:42.443+05:30  INFO 17284 --- [todo-full-stack-mysql-security] [http-nio-2105-exec-1] o.s.web.servlet.DispatcherServlet        : Completed initialization in 1 ms
2025-10-15T18:49:59.480+05:30  INFO 2132 --- [todo-full-stack-mysql-security] [restartedMain] i.h.s.web.TodoManagementApplication      : Starting TodoManagementApplication using Java 25 with PID 2132 (C:\eclipse-workspace\todo-full-stack-mysql-security\target\classes started by Harini V in C:\eclipse-workspace\todo-full-stack-mysql-security)
2025-10-15T18:49:59.482+05:30  INFO 2132 --- [todo-full-stack-mysql-security] [restartedMain] i.h.s.web.TodoManagementApplication      : No active profile set, falling back to 1 default profile: "default"
2025-10-15T18:49:59.542+05:30  INFO 2132 --- [todo-full-stack-mysql-security] [restartedMain] .e.DevToolsPropertyDefaultsPostProcessor : Devtools property defaults active! Set 'spring.devtools.add-properties' to 'false' to disable
2025-10-15T18:49:59.543+05:30  INFO 2132 --- [todo-full-stack-mysql-security] [restartedMain] .e.DevToolsPropertyDefaultsPostProcessor : For additional web related logging consider setting the 'logging.level.web' property to 'DEBUG'
2025-10-15T18:50:00.333+05:30  INFO 2132 --- [todo-full-stack-mysql-security] [restartedMain] .s.d.r.c.RepositoryConfigurationDelegate : Bootstrapping Spring Data JPA repositories in DEFAULT mode.
2025-10-15T18:50:00.397+05:30  INFO 2132 --- [todo-full-stack-mysql-security] [restartedMain] .s.d.r.c.RepositoryConfigurationDelegate : Finished Spring Data repository scanning in 54 ms. Found 1 JPA repository interface.
2025-10-15T18:50:01.262+05:30  INFO 2132 --- [todo-full-stack-mysql-security] [restartedMain] o.s.b.w.embedded.tomcat.TomcatWebServer  : Tomcat initialized with port 2105 (http)
2025-10-15T18:50:01.284+05:30  INFO 2132 --- [todo-full-stack-mysql-security] [restartedMain] o.apache.catalina.core.StandardService   : Starting service [Tomcat]
2025-10-15T18:50:01.285+05:30  INFO 2132 --- [todo-full-stack-mysql-security] [restartedMain] o.apache.catalina.core.StandardEngine    : Starting Servlet engine: [Apache Tomcat/10.1.34]
2025-10-15T18:50:01.581+05:30  INFO 2132 --- [todo-full-stack-mysql-security] [restartedMain] org.apache.jasper.servlet.TldScanner     : At least one JAR was scanned for TLDs yet contained no TLDs. Enable debug logging for this logger for a complete list of JARs that were scanned but no TLDs were found in them. Skipping unneeded JARs during scanning can improve startup time and JSP compilation time.
2025-10-15T18:50:01.591+05:30  INFO 2132 --- [todo-full-stack-mysql-security] [restartedMain] o.a.c.c.C.[Tomcat].[localhost].[/]       : Initializing Spring embedded WebApplicationContext
2025-10-15T18:50:01.591+05:30  INFO 2132 --- [todo-full-stack-mysql-security] [restartedMain] w.s.c.ServletWebServerApplicationContext : Root WebApplicationContext: initialization completed in 2048 ms
2025-10-15T18:50:01.757+05:30  INFO 2132 --- [todo-full-stack-mysql-security] [restartedMain] o.hibernate.jpa.internal.util.LogHelper  : HHH000204: Processing PersistenceUnitInfo [name: default]
2025-10-15T18:50:01.833+05:30  INFO 2132 --- [todo-full-stack-mysql-security] [restartedMain] org.hibernate.Version                    : HHH000412: Hibernate ORM core version 6.5.3.Final
2025-10-15T18:50:01.873+05:30  INFO 2132 --- [todo-full-stack-mysql-security] [restartedMain] o.h.c.internal.RegionFactoryInitiator    : HHH000026: Second-level cache disabled
2025-10-15T18:50:02.206+05:30  INFO 2132 --- [todo-full-stack-mysql-security] [restartedMain] o.s.o.j.p.SpringPersistenceUnitInfo      : No LoadTimeWeaver setup: ignoring JPA class transformer
2025-10-15T18:50:02.240+05:30  INFO 2132 --- [todo-full-stack-mysql-security] [restartedMain] com.zaxxer.hikari.HikariDataSource       : HikariPool-1 - Starting...
2025-10-15T18:50:02.589+05:30  INFO 2132 --- [todo-full-stack-mysql-security] [restartedMain] com.zaxxer.hikari.pool.HikariPool        : HikariPool-1 - Added connection com.mysql.cj.jdbc.ConnectionImpl@701837b0
2025-10-15T18:50:02.591+05:30  INFO 2132 --- [todo-full-stack-mysql-security] [restartedMain] com.zaxxer.hikari.HikariDataSource       : HikariPool-1 - Start completed.
2025-10-15T18:50:02.643+05:30  WARN 2132 --- [todo-full-stack-mysql-security] [restartedMain] org.hibernate.orm.deprecation            : HHH90000025: MySQLDialect does not need to be specified explicitly using 'hibernate.dialect' (remove the property setting and it will be selected by default)
2025-10-15T18:50:03.490+05:30  INFO 2132 --- [todo-full-stack-mysql-security] [restartedMain] o.h.e.t.j.p.i.JtaPlatformInitiator       : HHH000489: No JTA platform available (set 'hibernate.transaction.jta.platform' to enable JTA platform integration)
2025-10-15T18:50:03.537+05:30  INFO 2132 --- [todo-full-stack-mysql-security] [restartedMain] j.LocalContainerEntityManagerFactoryBean : Initialized JPA EntityManagerFactory for persistence unit 'default'
2025-10-15T18:50:04.123+05:30  WARN 2132 --- [todo-full-stack-mysql-security] [restartedMain] JpaBaseConfiguration$JpaWebConfiguration : spring.jpa.open-in-view is enabled by default. Therefore, database queries may be performed during view rendering. Explicitly configure spring.jpa.open-in-view to disable this warning
2025-10-15T18:50:04.169+05:30  INFO 2132 --- [todo-full-stack-mysql-security] [restartedMain] r$InitializeUserDetailsManagerConfigurer : Global AuthenticationManager configured with UserDetailsService bean with name createUserDetailsManager
2025-10-15T18:50:04.776+05:30  INFO 2132 --- [todo-full-stack-mysql-security] [restartedMain] o.s.b.d.a.OptionalLiveReloadServer       : LiveReload server is running on port 35729
2025-10-15T18:50:04.838+05:30  INFO 2132 --- [todo-full-stack-mysql-security] [restartedMain] o.s.b.w.embedded.tomcat.TomcatWebServer  : Tomcat started on port 2105 (http) with context path '/'
2025-10-15T18:50:04.853+05:30  INFO 2132 --- [todo-full-stack-mysql-security] [restartedMain] i.h.s.web.TodoManagementApplication      : Started TodoManagementApplication in 5.836 seconds (process running for 6.415)
2025-10-15T18:50:07.181+05:30  INFO 2132 --- [todo-full-stack-mysql-security] [http-nio-2105-exec-1] o.a.c.c.C.[Tomcat].[localhost].[/]       : Initializing Spring DispatcherServlet 'dispatcherServlet'
2025-10-15T18:50:07.181+05:30  INFO 2132 --- [todo-full-stack-mysql-security] [http-nio-2105-exec-1] o.s.web.servlet.DispatcherServlet        : Initializing Servlet 'dispatcherServlet'
2025-10-15T18:50:07.183+05:30  INFO 2132 --- [todo-full-stack-mysql-security] [http-nio-2105-exec-1] o.s.web.servlet.DispatcherServlet        : Completed initialization in 2 ms
2025-10-15T19:26:09.393+05:30  INFO 2132 --- [todo-full-stack-mysql-security] [File Watcher] rtingClassPathChangeChangedEventListener : Restarting due to 2 class path changes (0 additions, 0 deletions, 2 modifications)
2025-10-15T19:26:09.463+05:30  INFO 2132 --- [todo-full-stack-mysql-security] [Thread-5] j.LocalContainerEntityManagerFactoryBean : Closing JPA EntityManagerFactory for persistence unit 'default'
2025-10-15T19:26:09.493+05:30  INFO 2132 --- [todo-full-stack-mysql-security] [Thread-5] com.zaxxer.hikari.HikariDataSource       : HikariPool-1 - Shutdown initiated...
2025-10-15T19:26:09.504+05:30  INFO 2132 --- [todo-full-stack-mysql-security] [Thread-5] com.zaxxer.hikari.HikariDataSource       : HikariPool-1 - Shutdown completed.
2025-10-15T19:26:09.813+05:30  INFO 2132 --- [todo-full-stack-mysql-security] [restartedMain] i.h.s.web.TodoManagementApplication      : Starting TodoManagementApplication using Java 25 with PID 2132 (C:\eclipse-workspace\todo-full-stack-mysql-security\target\classes started by Harini V in C:\eclipse-workspace\todo-full-stack-mysql-security)
2025-10-15T19:26:09.814+05:30  INFO 2132 --- [todo-full-stack-mysql-security] [restartedMain] i.h.s.web.TodoManagementApplication      : No active profile set, falling back to 1 default profile: "default"
2025-10-15T19:26:10.080+05:30  INFO 2132 --- [todo-full-stack-mysql-security] [restartedMain] .s.d.r.c.RepositoryConfigurationDelegate : Bootstrapping Spring Data JPA repositories in DEFAULT mode.
2025-10-15T19:26:10.097+05:30  INFO 2132 --- [todo-full-stack-mysql-security] [restartedMain] .s.d.r.c.RepositoryConfigurationDelegate : Finished Spring Data repository scanning in 15 ms. Found 1 JPA repository interface.
2025-10-15T19:26:10.283+05:30  INFO 2132 --- [todo-full-stack-mysql-security] [restartedMain] o.s.b.w.embedded.tomcat.TomcatWebServer  : Tomcat initialized with port 2105 (http)
2025-10-15T19:26:10.289+05:30  INFO 2132 --- [todo-full-stack-mysql-security] [restartedMain] o.apache.catalina.core.StandardService   : Starting service [Tomcat]
2025-10-15T19:26:10.289+05:30  INFO 2132 --- [todo-full-stack-mysql-security] [restartedMain] o.apache.catalina.core.StandardEngine    : Starting Servlet engine: [Apache Tomcat/10.1.34]
2025-10-15T19:26:10.424+05:30  INFO 2132 --- [todo-full-stack-mysql-security] [restartedMain] org.apache.jasper.servlet.TldScanner     : At least one JAR was scanned for TLDs yet contained no TLDs. Enable debug logging for this logger for a complete list of JARs that were scanned but no TLDs were found in them. Skipping unneeded JARs during scanning can improve startup time and JSP compilation time.
2025-10-15T19:26:10.428+05:30  INFO 2132 --- [todo-full-stack-mysql-security] [restartedMain] o.a.c.c.C.[Tomcat].[localhost].[/]       : Initializing Spring embedded WebApplicationContext
2025-10-15T19:26:10.429+05:30  INFO 2132 --- [todo-full-stack-mysql-security] [restartedMain] w.s.c.ServletWebServerApplicationContext : Root WebApplicationContext: initialization completed in 612 ms
2025-10-15T19:26:10.477+05:30  INFO 2132 --- [todo-full-stack-mysql-security] [restartedMain] o.hibernate.jpa.internal.util.LogHelper  : HHH000204: Processing PersistenceUnitInfo [name: default]
2025-10-15T19:26:10.482+05:30  INFO 2132 --- [todo-full-stack-mysql-security] [restartedMain] o.h.c.internal.RegionFactoryInitiator    : HHH000026: Second-level cache disabled
2025-10-15T19:26:10.507+05:30  INFO 2132 --- [todo-full-stack-mysql-security] [restartedMain] o.s.o.j.p.SpringPersistenceUnitInfo      : No LoadTimeWeaver setup: ignoring JPA class transformer
2025-10-15T19:26:10.510+05:30  INFO 2132 --- [todo-full-stack-mysql-security] [restartedMain] com.zaxxer.hikari.HikariDataSource       : HikariPool-2 - Starting...
2025-10-15T19:26:10.531+05:30  INFO 2132 --- [todo-full-stack-mysql-security] [restartedMain] com.zaxxer.hikari.pool.HikariPool        : HikariPool-2 - Added connection com.mysql.cj.jdbc.ConnectionImpl@58c7424
2025-10-15T19:26:10.533+05:30  INFO 2132 --- [todo-full-stack-mysql-security] [restartedMain] com.zaxxer.hikari.HikariDataSource       : HikariPool-2 - Start completed.
2025-10-15T19:26:10.535+05:30  WARN 2132 --- [todo-full-stack-mysql-security] [restartedMain] org.hibernate.orm.deprecation            : HHH90000025: MySQLDialect does not need to be specified explicitly using 'hibernate.dialect' (remove the property setting and it will be selected by default)
2025-10-15T19:26:10.599+05:30  INFO 2132 --- [todo-full-stack-mysql-security] [restartedMain] o.h.e.t.j.p.i.JtaPlatformInitiator       : HHH000489: No JTA platform available (set 'hibernate.transaction.jta.platform' to enable JTA platform integration)
2025-10-15T19:26:10.657+05:30  INFO 2132 --- [todo-full-stack-mysql-security] [restartedMain] j.LocalContainerEntityManagerFactoryBean : Initialized JPA EntityManagerFactory for persistence unit 'default'
2025-10-15T19:26:10.915+05:30  WARN 2132 --- [todo-full-stack-mysql-security] [restartedMain] JpaBaseConfiguration$JpaWebConfiguration : spring.jpa.open-in-view is enabled by default. Therefore, database queries may be performed during view rendering. Explicitly configure spring.jpa.open-in-view to disable this warning
2025-10-15T19:26:10.928+05:30  INFO 2132 --- [todo-full-stack-mysql-security] [restartedMain] r$InitializeUserDetailsManagerConfigurer : Global AuthenticationManager configured with UserDetailsService bean with name createUserDetailsManager
2025-10-15T19:26:11.092+05:30  INFO 2132 --- [todo-full-stack-mysql-security] [restartedMain] o.s.b.d.a.OptionalLiveReloadServer       : LiveReload server is running on port 35729
2025-10-15T19:26:11.106+05:30  INFO 2132 --- [todo-full-stack-mysql-security] [restartedMain] o.s.b.w.embedded.tomcat.TomcatWebServer  : Tomcat started on port 2105 (http) with context path '/'
2025-10-15T19:26:11.111+05:30  INFO 2132 --- [todo-full-stack-mysql-security] [restartedMain] i.h.s.web.TodoManagementApplication      : Started TodoManagementApplication in 1.347 seconds (process running for 2172.673)
2025-10-15T19:26:11.115+05:30  INFO 2132 --- [todo-full-stack-mysql-security] [restartedMain] .ConditionEvaluationDeltaLoggingListener : Condition evaluation unchanged
2025-10-15T19:26:47.723+05:30  INFO 2132 --- [todo-full-stack-mysql-security] [File Watcher] rtingClassPathChangeChangedEventListener : Restarting due to 1 class path change (0 additions, 0 deletions, 1 modification)
2025-10-15T19:26:47.731+05:30  INFO 2132 --- [todo-full-stack-mysql-security] [Thread-7] j.LocalContainerEntityManagerFactoryBean : Closing JPA EntityManagerFactory for persistence unit 'default'
2025-10-15T19:26:47.732+05:30  INFO 2132 --- [todo-full-stack-mysql-security] [Thread-7] com.zaxxer.hikari.HikariDataSource       : HikariPool-2 - Shutdown initiated...
2025-10-15T19:26:47.737+05:30  INFO 2132 --- [todo-full-stack-mysql-security] [Thread-7] com.zaxxer.hikari.HikariDataSource       : HikariPool-2 - Shutdown completed.
2025-10-15T19:26:47.829+05:30  INFO 2132 --- [todo-full-stack-mysql-security] [restartedMain] i.h.s.web.TodoManagementApplication      : Starting TodoManagementApplication using Java 25 with PID 2132 (C:\eclipse-workspace\todo-full-stack-mysql-security\target\classes started by Harini V in C:\eclipse-workspace\todo-full-stack-mysql-security)
2025-10-15T19:26:47.829+05:30  INFO 2132 --- [todo-full-stack-mysql-security] [restartedMain] i.h.s.web.TodoManagementApplication      : No active profile set, falling back to 1 default profile: "default"
2025-10-15T19:26:48.072+05:30  INFO 2132 --- [todo-full-stack-mysql-security] [restartedMain] .s.d.r.c.RepositoryConfigurationDelegate : Bootstrapping Spring Data JPA repositories in DEFAULT mode.
2025-10-15T19:26:48.086+05:30  INFO 2132 --- [todo-full-stack-mysql-security] [restartedMain] .s.d.r.c.RepositoryConfigurationDelegate : Finished Spring Data repository scanning in 13 ms. Found 1 JPA repository interface.
2025-10-15T19:26:48.242+05:30  INFO 2132 --- [todo-full-stack-mysql-security] [restartedMain] o.s.b.w.embedded.tomcat.TomcatWebServer  : Tomcat initialized with port 2105 (http)
2025-10-15T19:26:48.244+05:30  INFO 2132 --- [todo-full-stack-mysql-security] [restartedMain] o.apache.catalina.core.StandardService   : Starting service [Tomcat]
2025-10-15T19:26:48.244+05:30  INFO 2132 --- [todo-full-stack-mysql-security] [restartedMain] o.apache.catalina.core.StandardEngine    : Starting Servlet engine: [Apache Tomcat/10.1.34]
2025-10-15T19:26:48.345+05:30  INFO 2132 --- [todo-full-stack-mysql-security] [restartedMain] org.apache.jasper.servlet.TldScanner     : At least one JAR was scanned for TLDs yet contained no TLDs. Enable debug logging for this logger for a complete list of JARs that were scanned but no TLDs were found in them. Skipping unneeded JARs during scanning can improve startup time and JSP compilation time.
2025-10-15T19:26:48.349+05:30  INFO 2132 --- [todo-full-stack-mysql-security] [restartedMain] o.a.c.c.C.[Tomcat].[localhost].[/]       : Initializing Spring embedded WebApplicationContext
2025-10-15T19:26:48.349+05:30  INFO 2132 --- [todo-full-stack-mysql-security] [restartedMain] w.s.c.ServletWebServerApplicationContext : Root WebApplicationContext: initialization completed in 517 ms
2025-10-15T19:26:48.379+05:30  INFO 2132 --- [todo-full-stack-mysql-security] [restartedMain] o.hibernate.jpa.internal.util.LogHelper  : HHH000204: Processing PersistenceUnitInfo [name: default]
2025-10-15T19:26:48.381+05:30  INFO 2132 --- [todo-full-stack-mysql-security] [restartedMain] o.h.c.internal.RegionFactoryInitiator    : HHH000026: Second-level cache disabled
2025-10-15T19:26:48.394+05:30  INFO 2132 --- [todo-full-stack-mysql-security] [restartedMain] o.s.o.j.p.SpringPersistenceUnitInfo      : No LoadTimeWeaver setup: ignoring JPA class transformer
2025-10-15T19:26:48.396+05:30  INFO 2132 --- [todo-full-stack-mysql-security] [restartedMain] com.zaxxer.hikari.HikariDataSource       : HikariPool-3 - Starting...
2025-10-15T19:26:48.413+05:30  INFO 2132 --- [todo-full-stack-mysql-security] [restartedMain] com.zaxxer.hikari.pool.HikariPool        : HikariPool-3 - Added connection com.mysql.cj.jdbc.ConnectionImpl@8325eb
2025-10-15T19:26:48.414+05:30  INFO 2132 --- [todo-full-stack-mysql-security] [restartedMain] com.zaxxer.hikari.HikariDataSource       : HikariPool-3 - Start completed.
2025-10-15T19:26:48.415+05:30  WARN 2132 --- [todo-full-stack-mysql-security] [restartedMain] org.hibernate.orm.deprecation            : HHH90000025: MySQLDialect does not need to be specified explicitly using 'hibernate.dialect' (remove the property setting and it will be selected by default)
2025-10-15T19:26:48.468+05:30  INFO 2132 --- [todo-full-stack-mysql-security] [restartedMain] o.h.e.t.j.p.i.JtaPlatformInitiator       : HHH000489: No JTA platform available (set 'hibernate.transaction.jta.platform' to enable JTA platform integration)
2025-10-15T19:26:48.482+05:30  INFO 2132 --- [todo-full-stack-mysql-security] [restartedMain] j.LocalContainerEntityManagerFactoryBean : Initialized JPA EntityManagerFactory for persistence unit 'default'
2025-10-15T19:26:48.716+05:30  WARN 2132 --- [todo-full-stack-mysql-security] [restartedMain] JpaBaseConfiguration$JpaWebConfiguration : spring.jpa.open-in-view is enabled by default. Therefore, database queries may be performed during view rendering. Explicitly configure spring.jpa.open-in-view to disable this warning
2025-10-15T19:26:48.721+05:30  INFO 2132 --- [todo-full-stack-mysql-security] [restartedMain] r$InitializeUserDetailsManagerConfigurer : Global AuthenticationManager configured with UserDetailsService bean with name createUserDetailsManager
2025-10-15T19:26:48.875+05:30  INFO 2132 --- [todo-full-stack-mysql-security] [restartedMain] o.s.b.d.a.OptionalLiveReloadServer       : LiveReload server is running on port 35729
2025-10-15T19:26:48.890+05:30  INFO 2132 --- [todo-full-stack-mysql-security] [restartedMain] o.s.b.w.embedded.tomcat.TomcatWebServer  : Tomcat started on port 2105 (http) with context path '/'
2025-10-15T19:26:48.894+05:30  INFO 2132 --- [todo-full-stack-mysql-security] [restartedMain] i.h.s.web.TodoManagementApplication      : Started TodoManagementApplication in 1.099 seconds (process running for 2210.455)
2025-10-15T19:26:48.896+05:30  INFO 2132 --- [todo-full-stack-mysql-security] [restartedMain] .ConditionEvaluationDeltaLoggingListener : Condition evaluation unchanged
